<?xml version="1.0" encoding="UTF-8"?>
<!-- Generated by org.testng.reporters.JUnitXMLReporter -->
<testsuite hostname="DESKTOP-00MR0DR" ignored="0" name="Default test" tests="3" failures="0" timestamp="09 Sep 2022 13:33:49 GMT" time="12.16" errors="0">
  <testcase name="tc3" time="3.439" classname="org.testing.TestNgOrder"/>
  <testcase name="tc2" time="2.338" classname="org.testing.TestNgOrder"/>
  <testcase name="tc1" time="2.375" classname="org.testing.TestNgOrder"/>
</testsuite> <!-- Default test -->
